         w __deregister_frame_info
         w __register_frame_info
         w userAppExit
         w userAppInit
00000000 00000802 B __ctru_dev_utf16_buf
00000000 a shift
00000000 a shift
00000000 A __sync_synchronize
00000000 b _TLS_MODULE_BASE_
00000804 00000401 B __ctru_dev_path_buf
00100000 A __start__
00100000 T _start
00100008 T __service_ptr
0010000c T __apt_appid
00100010 T __heap_size
00100014 T __linear_heap_size
00100018 T __system_arglist
0010001c T __system_runflags
00100020 t startup
00100058 t ClearMem
0010006c t ClrLoop
00100094 T _init
001000ac T __aeabi_uidiv
001000ac 000001ec T __udivsi3
001000ac t .udivsi3_skip_div0_test
00100298 00000020 T __aeabi_uidivmod
001002b8 T __aeabi_idiv
001002b8 00000220 T __divsi3
001002c0 t .divsi3_skip_div0_test
001004d8 00000020 T __aeabi_idivmod
001004f8 00000004 W __aeabi_idiv0
001004f8 00000004 W __aeabi_ldiv0
001004fc T __aeabi_drsub
00100504 000002b0 T __aeabi_dsub
00100504 000002b0 T __subdf3
00100508 000002ac T __adddf3
00100508 000002ac T __aeabi_dadd
001007b4 00000024 T __aeabi_ui2d
001007b4 00000024 T __floatunsidf
001007d8 00000028 T __aeabi_i2d
001007d8 00000028 T __floatsidf
00100800 00000048 T __aeabi_f2d
00100800 00000048 T __extendsfdf2
00100848 00000074 T __aeabi_ul2d
00100848 00000074 T __floatundidf
0010085c 00000060 T __aeabi_l2d
0010085c 00000060 T __floatdidf
001008bc T __aeabi_uldivmod
00100908 00000390 T strcmp
00100c90 t __do_global_dtors_aux
00100ce0 t frame_dummy
00100d0c 0000011c T main
00100e28 00000068 T state_manager_init
00100e90 00000034 T state_manager_shutdown
00100ec4 00000010 T state_manager_transition
00100ed4 00000090 T state_manager_apply_transition
00100f64 0000002c T state_manager_update
00100f90 0000003c T state_manager_render_top
00100fcc 0000002c T state_manager_render_bottom
00100ff8 00000004 t filter_select_exit
00100ffc 000000a8 t update_bottom_text
001010a4 000000cc t filter_select_update
00101170 00000008 t filter_select_enter
00101178 00000004 t filter_select_render_bottom
0010117c 00000144 t filter_select_render_top
001012c0 0000000c T state_filter_select_create
001012cc 00000004 t frame_select_exit
001012d0 000000c0 t update_bottom_text
00101390 000000c4 t frame_select_update
00101454 00000008 t frame_select_enter
0010145c 00000004 t frame_select_render_bottom
00101460 00000178 t frame_select_render_top
001015d8 0000000c T state_frame_select_create
001015e4 00000004 t main_menu_exit
001015e8 00000048 t main_menu_update
00101630 0000006c t main_menu_enter
0010169c 00000004 t main_menu_render_bottom
001016a0 00000160 t main_menu_render_top
00101800 0000000c T state_main_menu_create
0010180c 00000004 t music_select_exit
00101810 00000104 t redraw_list.isra.0
00101914 0000002c t music_select_enter
00101940 0000013c t music_select_update
00101a7c 00000004 t music_select_render_bottom
00101a80 00000178 t music_select_render_top
00101bf8 0000000c T state_music_select_create
00101c04 00000004 t photo_review_exit
00101c08 000000c4 t photo_review_enter
00101ccc 00000064 t photo_review_update
00101d30 00000004 t photo_review_render_bottom
00101d34 00000144 t photo_review_render_top
00101e78 0000000c T state_photo_review_create
00101e84 00000004 t playback_view_exit
00101e88 000001fc t playback_view_render_bottom
00102084 00000084 t playback_view_update
00102108 00000038 t playback_view_enter
00102140 00000174 t playback_view_render_top
001022b4 0000000c T state_playback_view_create
001022c0 00000058 T image_buffer_create
00102318 0000002c T image_buffer_destroy
00102344 0000026c T image_buffer_create_test_pattern
001025b0 00000080 t filter_grayscale
00102630 00000094 t filter_sepia
001026c4 00000070 t filter_warm
00102734 00000088 t filter_faded
001027bc 00000020 t filter_none
001027dc 0000001c T image_filter_name
001027f8 0000002c T image_filter_apply
00102824 000000ec t frame_polaroid
00102910 000001a0 t frame_film_strip
00102ab0 00000264 t frame_classic_gold
00102d14 000002e0 t frame_vintage_wood
00102ff4 0000001c T image_frame_name
00103010 00000028 T image_frame_draw
00103038 00000234 T image_texture_upload
0010326c 00000038 T image_texture_cleanup
001032a4 0000000c T scene_model_init
001032b0 00000040 T scene_model_cleanup
001032f0 000000d4 T scene_model_load_test_image
001033c4 0000004c T scene_model_apply_filter
00103410 000000c4 t audio_player_play.part.0
001034d4 0000000c T audio_player_init
001034e0 00000078 T audio_player_shutdown
00103558 00000344 T audio_player_load
0010389c 0000001c T audio_player_play
001038b8 00000038 T audio_player_stop
001038f0 00000034 T audio_player_toggle_pause
00103924 000000fc T audio_player_seek
00103a20 00000088 T audio_player_position_sec
00103aa8 0000003c T audio_player_duration_sec
00103ae4 0000002c T audio_player_finished
00103b10 000000e8 T music_library_scan
00103bf8 00000068 T music_library_get_path
00103c60 00000044 t C2Di_FrameEndHook
00103ca8 0000036c T C2D_Init
00104014 0000004c T C2D_Fini
00104060 000000b8 T C2D_Prepare
00104118 00000048 T C2D_Flush
00104160 00000104 T C2D_SceneSize
00104264 00000058 T C2D_CreateScreenTarget
001042bc 00000064 T C2D_TargetClear
00104320 0000013c T C2Di_CalcQuad
0010445c 00000058 T C2Di_AppendQuad
001044b4 00000550 T C2Di_Update
00104a04 000002b0 T C2D_DrawImage
00104cb4 00000158 T C2D_DrawRectangle
00104e0c 00000028 T AttrInfo_Init
00104e34 00000094 T AttrInfo_AddLoader
00104ec8 00000054 T C3D_SetAttrInfo
00104f1c 00000080 T C3Di_AttrInfoBind
00104f9c 00000004 W C3Di_LightEnvUpdate
00104fa0 00000004 W C3Di_LightEnvDirty
00104fa4 000000b4 t C3Di_AptEventHook
00105058 00000004 W C3Di_GasUpdate
0010505c 000001d0 T C3D_Init
0010522c 00000098 T C3D_SetViewport
001052c4 000004e8 T C3Di_UpdateContext
001057ac 000000e0 T C3Di_SplitFrame
0010588c 00000044 T C3D_Fini
001058d0 00000194 T C3D_BindProgram
00105a64 00000024 T BufInfo_Init
00105a88 00000080 T BufInfo_Add
00105b08 0000003c T C3D_SetBufInfo
00105b44 00000048 T C3Di_BufInfoBind
00105b8c 0000021c T C3D_DrawElements
00105da8 00000040 T C3D_DepthMap
00105de8 0000001c T C3D_CullFace
00105e04 00000040 T C3D_StencilTest
00105e44 00000024 T C3D_StencilOp
00105e68 0000001c T C3D_BlendingColor
00105e84 00000024 T C3D_EarlyDepthTest
00105ea8 0000002c T C3D_DepthTest
00105ed4 0000002c T C3D_AlphaTest
00105f00 00000050 T C3D_AlphaBlend
00105f50 00000030 T C3D_FragOpMode
00105f80 00000044 T C3D_FragOpShadow
00105fc4 000001ac T C3Di_EffectBind
00106170 0000001c T C3D_CalcColorBufSize
0010618c 0000001c T C3D_CalcDepthBufSize
001061a8 00000044 T C3D_SetFrameBuf
001061ec 0000016c T C3Di_FrameBufBind
00106358 000000c8 T C3D_FrameBufClear
00106420 00000044 T C3D_FrameBufTransfer
00106464 000000a8 T C3D_ImmSendAttrib
0010650c 00000070 T C3D_ProcTexInit
0010657c 00000054 T C3D_ProcTexBind
001065d0 0000005c T C3D_ProcTexLutBind
0010662c 000000a4 T ProcTexLut_FromArray
001066d0 00000178 T C3Di_ProcTexUpdate
00106848 00000068 T C3Di_ProcTexDirty
001068b0 0000004c t onVBlank0
001068fc 0000004c t onVBlank1
00106948 00000080 t C3Di_RenderTargetDestroy
001069c8 000000f4 t onQueueFinish
00106abc 00000038 T C3Di_RenderQueueEnableVBlank
00106af4 00000030 T C3Di_RenderQueueDisableVBlank
00106b24 00000060 T C3Di_RenderQueueInit
00106b84 000000b4 T C3Di_RenderQueueExit
00106c38 00000034 T C3Di_RenderQueueWaitDone
00106c6c 000000e8 T C3D_FrameBegin
00106d54 00000048 T C3D_FrameDrawOn
00106d9c 00000058 T C3D_FrameSplit
00106df4 000001d0 T C3D_FrameEnd
00106fc4 0000001c T C3D_FrameEndHook
00106fe0 00000170 T C3D_RenderTargetCreate
00107150 000000a8 T C3D_RenderTargetSetOutput
001071f8 00000034 T C3D_GetTexEnv
0010722c 00000024 T C3Di_TexEnvBind
00107250 00000290 T C3D_TexInitWithParams
001074e0 00000044 T C3D_TexBind
00107524 00000044 T C3D_TexFlush
00107568 00000074 T C3D_TexDelete
001075dc 0000014c T C3Di_SetTex
00107728 00000290 T C3D_UpdateUniforms
001079b8 000000c0 T C3Di_DirtyUniforms
00107a78 000000d8 T C3Di_LoadShaderUniforms
00107b50 00000028 T C3Di_ClearShaderUniforms
00107b78 000000cc T Mtx_Ortho
00107c44 000000cc T Mtx_OrthoTilt
00107d10 00000024 t addrMapNodeComparator(rbtree_node const*, rbtree_node const*)
00107d34 00000004 t addrMapNodeDestructor(rbtree_node*)
00107d38 0000012c T linearMemAlign
00107e64 00000008 T linearAlloc
00107e6c 0000005c T linearFree
00107ec8 00000088 T MemPool::CoalesceRight(MemBlock*)
00107f50 00000178 T MemPool::Allocate(MemChunk&, unsigned long, int)
001080c8 00000118 T MemPool::Deallocate(MemChunk const&)
001081e0 00000030 T MemPool::GetFreeSpace()
00108210 00000024 t addrMapNodeComparator(rbtree_node const*, rbtree_node const*)
00108234 00000004 t addrMapNodeDestructor(rbtree_node*)
00108238 00000248 T vramMemAlignAt
00108480 0000000c T vramAlloc
0010848c 0000000c T vramAllocAt
00108498 00000094 T vramFree
0010852c 000001c8 T consoleDrawChar
001086f4 00000170 T consolePrintChar
00108864 00000c40 T con_write
001094a4 00000110 t newRow
001095b4 00000180 T consoleInit
00109734 000000b8 T consoleClear
001097ec 000000cc t gfxPresentFramebuffer
001098b8 0000001c T gfxIsWide
001098d4 000000f8 T gfxSetScreenFormat
001099cc 00000010 T gfxSetDoubleBuffering
001099dc 000000d8 T gfxInit
00109ab4 00000010 T gfxInitDefault
00109ac4 000000b8 T gfxExit
00109b7c 000000a0 T gfxGetFramebuffer
00109c1c 00000100 T gfxFlushBuffers
00109d1c 00000028 T gfxScreenSwapBuffers
00109d44 00000050 T gfxSwapBuffersGpu
00109d94 00000074 T osConvertVirtToPhys
00109e08 00000034 T __ctru_speedup_config
00109e3c 0000013c T GPUCMD_Add
00109f78 000000b0 T GPUCMD_Split
0010a028 00000034 T f32tof16
0010a05c 00000034 T f32tof24
0010a090 00000038 T f32tof31
0010a0c8 00000010 T GX_BindQueue
0010a0d8 0000007c T GX_ProcessCommandList
0010a154 00000074 T GX_MemoryFill
0010a1c8 00000074 T GX_DisplayTransfer
0010a23c 00000064 t gxCmdQueueDoCommands.part.0
0010a2a0 000000e4 T gxCmdQueueInterrupt
0010a384 00000068 T gxCmdQueueClear
0010a3ec 00000108 T gxCmdQueueAdd
0010a4f4 00000080 T gxCmdQueueRun
0010a574 00000064 T gxCmdQueueStop
0010a5d8 0000008c T gxCmdQueueWait
0010a664 000001e0 T shaderInstanceInit
0010a844 00000018 T shaderInstanceGetUniformLocation
0010a85c 0000001c T shaderProgramInit
0010a878 00000074 T shaderProgramFree
0010a8ec 00000094 T shaderProgramSetVsh
0010a980 000008d0 T shaderProgramConfigure
0010b250 000001dc t DVLE_GenerateOutmap.part.0
0010b42c 000001ac T DVLB_ParseFile
0010b5d8 00000050 T DVLB_Free
0010b628 00000074 T DVLE_GetUniformRegister
0010b69c 00000158 t ndspUpdateMaster
0010b7f8 00000108 t ndspFinalize
0010b900 00000254 t ndspInitialize.part.0
0010bb54 00000108 t ndspHookCallback
0010bc60 00000318 t ndspThreadMain
0010bf78 000003f0 T ndspInit
0010c368 000000d8 T ndspExit
0010c440 00000034 T ndspSetOutputMode
0010c474 000000e0 T ndspChnReset
0010c554 00000018 T ndspChnGetSamplePos
0010c56c 00000018 T ndspChnSetFormat
0010c584 00000050 T ndspChnSetPaused
0010c5d4 00000050 T ndspChnSetInterp
0010c624 00000060 T ndspChnSetRate
0010c684 00000080 T ndspChnSetMix
0010c704 000000b0 T ndspChnWaveBufClear
0010c7b4 000000c8 T ndspChnWaveBufAdd
0010c87c 00000040 T ndspiInitChn
0010c8bc 0000002c T ndspiDirtyChn
0010c8e8 0000043c T ndspiUpdateChn
0010cd24 00000180 T ndspiReadChnState
0010cea4 00000180 t aptConvertScreenForCapture
0010d024 00000138 T aptSendCommand
0010d160 00000044 t aptExitProcess
0010d1a4 00000394 T aptExit
0010d538 000000d8 T aptHandleSleep
0010d610 00000034 T aptHook
0010d644 00000030 T aptUnhook
0010d674 00000084 T APT_SleepIfShellClosed
0010d6f8 00000078 T aptSetSleepAllowed
0010d770 00000084 T APT_UnlockTransition
0010d7f8 00000470 t aptEventHandler
0010dc68 000000bc T APT_ReceiveParameter
0010dd24 000000b0 t aptReceiveParameter.constprop.0
0010ddd8 00000294 t aptScreenTransfer
0010e06c 000002d0 t aptWaitForWakeUp.isra.0
0010e33c 000000f4 T aptJumpToHomeMenu
0010e430 00000058 T aptMainLoop
0010e488 00000240 T aptInit
0010e6c8 00000090 T APT_CheckNew3DS
0010e758 000000a8 T cfguInit
0010e800 0000003c T cfguExit
0010e83c 0000004c T CFGU_GetConfigInfoBlk2
0010e888 000000a4 t DSP_LoadComponent.part.0
0010e92c 000000fc T dspInit
0010ea28 0000008c T dspExit
0010eab4 00000024 T dspHook
0010ead8 00000030 T dspUnhook
0010eb08 000000b4 T aptDspSleep
0010ebbc 000000b4 T aptDspWakeup
0010ec70 00000044 T aptDspCancel
0010ecb4 00000050 T DSP_FlushDataCache
0010ed04 00000034 T DSP_SetSemaphore
0010ed38 00000034 T DSP_SetSemaphoreMask
0010ed6c 00000038 T DSP_GetSemaphoreHandle
0010eda4 0000003c T DSP_LoadComponent
0010ede0 00000044 T DSP_RegisterInterruptEvents
0010ee24 00000078 T DSP_ReadPipeIfPossible
0010ee9c 0000004c T DSP_WriteProcessPipe
0010eee8 00000044 T DSP_ConvertProcessAddressFromDspDram
0010ef2c 00000044 T DSP_RecvData
0010ef70 00000050 T DSP_RecvDataIsReady
0010efc0 00000104 T fsInit
0010f0c4 0000003c T fsExit
0010f100 00000068 T fsExemptFromSession
0010f168 00000050 T fsUnexemptFromSession
0010f1b8 000000cc T FSUSER_OpenFile
0010f284 000000cc T FSUSER_OpenFileDirectly
0010f350 000000b8 T FSUSER_DeleteFile
0010f408 000000f4 T FSUSER_RenameFile
0010f4fc 000000b8 T FSUSER_DeleteDirectory
0010f5b4 000000d0 T FSUSER_CreateFile
0010f684 000000c0 T FSUSER_CreateDirectory
0010f744 000000f4 T FSUSER_RenameDirectory
0010f838 000000b4 T FSUSER_OpenDirectory
0010f8ec 00000090 T FSUSER_OpenArchive
0010f97c 0000008c T FSUSER_CloseArchive
0010fa08 00000074 T FSUSER_GetSdmcArchiveResource
0010fa7c 00000064 T FSUSER_IsSdmcWritable
0010fae0 00000064 T FSFILE_Read
0010fb44 0000006c T FSFILE_Write
0010fbb0 00000044 T FSFILE_GetSize
0010fbf4 00000028 T FSFILE_SetSize
0010fc1c 0000003c T FSFILE_Close
0010fc58 00000024 T FSFILE_Flush
0010fc7c 00000060 T FSDIR_Read
0010fcdc 0000003c T FSDIR_Close
0010fd18 00000c70 t gspHardwareInit
00110988 00000280 T gspInit
00110c08 00000110 T gspExit
00110d18 00000010 T gspHasGpuRight
00110d28 000000a4 T gspPresentBuffer
00110dcc 00000030 T gspSetEventCallback
00110dfc 00000050 T gspWaitForEvent
00110e4c 0000004c T gspWaitForAnyEvent
00110e98 00000154 t gspEventThreadMain
00110fec 0000012c T gspSubmitGxCommand
00111118 00000050 T GSPGPU_FlushDataCache
00111168 00000034 T GSPGPU_SetLcdForceBlack
0011119c 00000080 T GSPGPU_AcquireRight
0011121c 0000005c T GSPGPU_ReleaseRight
00111278 0000007c T GSPGPU_ImportDisplayCaptureInfo
001112f4 0000002c T GSPGPU_SaveVramSysArea
00111320 0000002c T GSPGPU_RestoreVramSysArea
0011134c 00000024 W hidShouldUseIrrst
00111370 000001cc T hidInit
0011153c 000000e8 T hidExit
00111624 000002a0 T hidScanInput
001118c4 00000010 T hidKeysDown
001118d4 000001a4 T irrstInit
00111a78 000000dc T irrstExit
00111b54 000000b4 T irrstScanInput
00111c08 00000024 T irrstKeysHeld
00111c2c 00000078 T ptmSysmInit
00111ca4 0000003c T ptmSysmExit
00111ce0 00000034 T PTMSYSM_ConfigureNew3DSCPU
00111d14 00000074 T rbtree_find
00111d88 00000010 T rbtree_init
00111d98 00000198 t do_insert
00111f30 00000008 T rbtree_insert
00111f38 00000310 T rbtree_remove
00112248 00000090 T rbtree_rotate
001122d8 000001e8 W __system_allocateHeaps
001124c0 00000038 W __libctru_init
001124f8 0000016c W __system_initArgv
00112664 00000030 T __syscall_getreent
00112694 00000004 T __syscall_lock_acquire
00112698 00000004 T __syscall_lock_release
0011269c 00000004 T __syscall_lock_acquire_recursive
001126a0 00000004 T __syscall_lock_release_recursive
001126a4 00000004 T __syscall_exit
001126a8 00000054 T initThreadVars
001126fc 00000080 T __system_initSyscalls
0011277c T svcControlMemory
0011279c T svcQueryMemory
001127cc T svcExitProcess
001127d4 T svcCreateThread
001127f4 T svcExitThread
001127fc T svcSleepThread
00112804 T svcReleaseMutex
0011280c T svcCreateEvent
00112820 T svcSignalEvent
00112828 T svcClearEvent
00112830 T svcMapMemoryBlock
00112838 T svcUnmapMemoryBlock
00112840 T svcCreateAddressArbiter
00112854 T svcArbitrateAddressNoTimeout
0011285c T svcCloseHandle
00112864 T svcWaitSynchronization
0011286c T svcWaitSynchronizationN
00112894 T svcDuplicateHandle
001128a8 T svcGetSystemTick
001128b0 T svcConnectToPort
001128c4 T svcSendSyncRequest
001128cc T svcGetResourceLimit
001128e0 T svcGetResourceLimitLimitValues
001128e8 T svcGetResourceLimitCurrentValues
001128f0 T svcBreak
001128f8 W initSystem
00112948 W __ctru_exit
0011295c 0000008c W envGetHandle
001129e8 00000050 W envDestroyHandles
00112a38 00000164 T srvInit
00112b9c 00000064 T srvExit
00112c00 00000060 T srvEnableNotification
00112c60 000000a0 T srvGetServiceHandleDirect
00112d00 00000048 T srvGetServiceHandle
00112d48 00000034 T srvSubscribe
00112d7c 00000060 T srvReceiveNotification
00112ddc 00000038 T srvPublishToSubscriber
00112e14 0000000c T __sync_init
00112e20 00000018 T __sync_fini
00112e38 00000028 T syncArbitrateAddress
00112e60 0000001c T LightLock_Init
00112e7c 000000ac T LightLock_Lock
00112f28 00000040 T LightLock_Unlock
00112f68 00000054 T RecursiveLock_Lock
00112fbc 00000054 T RecursiveLock_Unlock
00113010 00000044 T LightEvent_Init
00113054 000000b8 T LightEvent_Clear
0011310c 000000dc T LightEvent_Signal
001131e8 00000050 T LightEvent_TryWait
00113238 000000ac T LightEvent_Wait
001132e4 000001fc T threadCreate
001134e0 00000038 T threadFree
00113518 00000024 T threadJoin
0011353c 00000030 T threadGetCurrent
0011356c 00000040 T threadExit
001135ac 00000020 t _thread_begin
001135cc 00000090 t mappableFindAddressWithin
0011365c 00000028 T mappableInit
00113684 0000007c T mappableAlloc
00113700 00000004 T mappableFree
00113704 0000000c T srvPmGetSessionHandle
00113710 00000060 T rbtree_node_next
00113770 00000030 W __appExit
001137a0 00000030 W __appInit
001137d0 00000090 W __libctru_exit
00113860 00000014 t archive_link
00113874 00000014 t archive_dirreset
00113888 00000014 t archive_chmod
0011389c 00000024 t error_cmp
001138c0 00000050 t archive_translate_error
00113910 000000c0 t archive_seek
001139d0 00000078 t _archiveInit.part.0
00113a48 000000d4 t archiveFindDevice.part.0
00113b1c 00000298 t archive_utf16path
00113db4 00000098 t _archiveUnmountDeviceStruct.part.0
00113e4c 00000014 t archive_statvfs
00113e60 00000014 t archive_fchmod
00113e74 00000178 t _archiveMountDevice
00113fec 000000f8 t archive_diropen
001140e4 000000ac t archive_fstat
00114190 00000074 t archive_fsync
00114204 00000074 t archive_close
00114278 00000078 t archive_dirclose
001142f0 000000ec t sdmc_statvfs
001143dc 000000f8 t archive_chdir
001144d4 0000008c t archive_ftruncate
00114560 000000bc t archive_read
0011461c 000000a8 t archive_unlink
001146c4 000000c0 t archive_rmdir
00114784 000000d8 t archive_mkdir
0011485c 000001a0 t archive_stat
001149fc 00000164 t archive_dirnext
00114b60 0000013c t archive_write
00114ca0 00000254 t archive_open
00114ef4 00000270 t archive_rename
00115164 000001c8 T archiveMountSdmc
0011532c 00000054 T archiveUnmountAll
00115380 00000140 T decode_utf8
001154c0 000000e8 T utf16_to_utf8
001155a8 000000c0 T utf8_to_utf16
00115668 T __aeabi_read_tp
00115674 00000054 T decode_utf16
001156c8 00000054 T encode_utf16
0011571c 000000e0 T encode_utf8
00115800 00000264 T sinf
00115a64 00000024 t with_errnof
00115a88 0000001c T __math_invalidf
00115aa8 0000025c T cosf
00115d04 00000130 T __udivmoddi4
00115e34 000000d8 T strncmp
00115f0c 00000144 T _fclose_r
00116050 00000020 T fclose
00116070 0000008c T strlen
001160fc 0000001c t stdio_exit_handler
00116118 0000005c t cleanup_stdio
00116174 00000154 t global_stdio_init.part.0
001162c8 00000138 T __sfp
00116400 0000005c T __sinit
0011645c 0000000c T __sfp_lock_acquire
00116468 0000000c T __sfp_lock_release
00116474 000001ec t _strtoul_l.isra.0
00116660 0000003c T strtoul
0011669c 00000084 T __libc_init_array
00116720 0000009c T strncat
001167bc 00000070 T _fwalk_sglue
0011682c 00000078 T bsearch
001168a4 0000000c T __errno
001168b0 00000028 T calloc
001168d8 00000048 T strrchr
00116920 000000e0 T _puts_r
00116a00 00000020 T puts
00116a20 000000d8 T _calloc_r
00116af8 0000001c T _fseek_r
00116b14 00000034 T fseek
00116b48 00000028 T memalign
00116b70 00000024 T putchar
00116b94 0000082c T _malloc_r
001173c0 00000114 T _malloc_trim_r
001174d4 00000314 T _free_r
001177e8 000000a0 T snprintf
00117888 000005e0 t get_arg
00117e68 0000345c T _svfprintf_r
0011b2c4 00000034 T printf
0011b2f8 0000003c T strnlen
0011b334 00000040 T malloc
0011b374 00000020 T free
0011b394 0000022c T __sflush_r
0011b5c0 000000c4 T _fflush_r
0011b684 000000e4 T memset
0011b768 00000334 T _fread_r
0011ba9c 00000038 T fread
0011bad4 0000000c T __malloc_lock
0011bae0 0000000c T __malloc_unlock
0011baec 00000004 W __call_exitprocs
0011baf0 00000030 T exit
0011bb20 00000294 T setvbuf
0011bdb4 00000134 T _fopen_r
0011bee8 00000028 T fopen
0011bf10 000000d4 T strncpy
0011bfe4 00000034 T ftell
0011c018 0000012c T memcpy
0011c144 00000028 T _wcsrtombs_r
0011c170 00000088 T frexp
0011c1f8 000004a4 T __sfvwrite_r
0011c69c 00000140 T strchr
0011c7dc 00000044 T __sread
0011c820 00000068 T __swrite
0011c888 00000040 T __sseek
0011c8c8 00000008 T __sclose
0011c8d0 0000016c T memmove
0011ca3c 00000024 T __locale_mb_cur_max
0011ca60 000000a4 T __ssprint_r
0011cb04 0000016c T _memalign_r
0011cc70 0000015c T _wcsnrtombs_l
0011cdcc 00000064 T _wcsnrtombs_r
0011ce30 000000fc T _putc_r
0011cf2c 00000340 T __utf8_mbtowc
0011d26c 00000588 T _fseeko_r
0011d7f4 00000024 T _localeconv_r
0011d818 000005e0 t get_arg
0011ddf8 00003554 T _vfprintf_r
0012134c 000000b4 t __sbprintf
00121400 000000e8 T memchr
001214e8 000001c0 t quorem
001216a8 000013f0 T _dtoa_r
00122a98 000000a0 T _wcrtomb_r
00122b38 000000b8 T __sflags
00122bf0 0000003c T __libc_fini_array
00122c2c 00000038 t lflush
00122c64 000001a8 T __srefill_r
00122e0c 00000164 T __smakebuf_r
00122f70 00000090 T __swhatbuf_r
00123000 000004f0 T _realloc_r
001234f0 0000012c T __ssputs_r
0012361c 000001c4 T _ftello_r
001237e0 000000f8 T __utf8_wctomb
001238d8 00000140 T __swsetup_r
00123a18 0000005c T __assert_func
00123a74 00000088 T _Balloc
00123afc 0000001c T _Bfree
00123b18 000000f4 T __multadd
00123c0c 00000080 T __hi0bits
00123c8c 000000f0 T __lo0bits
00123d7c 000000a4 T __i2b
00123e20 00000230 T __multiply
00124050 00000130 T __pow5mult
00124180 00000138 T __lshift
001242b8 00000058 T __mcmp
00124310 00000218 T __mdiff
00124528 00000120 T __d2b
00124648 0000003c T fiprintf
00124684 00000124 T __swbuf_r
001247a8 00000030 T __sprint_r
001247d8 00000014 T abort
001247ec 0000009c T _raise_r
00124888 00000020 T raise
001248a8 000005e0 t get_arg
00124e88 000022f8 T _vfiprintf_r
00127180 000000b4 t __sbprintf
00127234 00000020 T _exit
00127254 00000140 T chdir
00127394 000001c8 T _concatenate_path
0012755c 00000070 t __dirnext
001275cc 00000114 T opendir
001276e0 00000098 T closedir
00127778 000000f8 T readdir_r
00127870 00000048 T readdir
001278b8 0000009c T _fstat_r
00127954 00000014 T _getpid_r
00127968 0000002c T __getreent
00127994 000000a0 T __release_handle
00127a34 000000b0 T __alloc_handle
00127ae4 00000058 T __get_handle
00127b3c 00000110 T _close_r
00127c4c 00000008 t null_write
00127c54 00000018 T setDefaultDevice
00127c6c 000000c4 T FindDevice
00127d30 00000028 T RemoveDevice
00127d58 00000098 T AddDevice
00127df0 00000020 T GetDeviceOpTab
00127e10 00000008 T _isatty_r
00127e18 00000014 T _kill_r
00127e2c 00000094 T _lseek_r
00127ec0 000000c0 T _open_r
00127f80 00000094 T _read_r
00128014 00000078 W _sbrk_r
0012808c 0000001c T __libc_lock_acquire
001280a8 0000001c T __libc_lock_release
001280c4 0000001c T __libc_lock_acquire_recursive
001280e0 0000001c T __libc_lock_release_recursive
001280fc 00000094 T _write_r
00128190 T _fini
00129000 00000014 r s_filter_names
00129014 00000014 r s_filter_funcs
00129028 00000014 r s_frame_names
0012903c 00000014 r s_frame_funcs
00129050 00000020 r s_morton_y
00129070 00000020 r s_morton_x
00129604 r .LC2
001296e4 00000008 r s_defaultTint.0
001296ec R render2d_shbin
00129878 R render2d_shbin_end
00129878 R render2d_shbin_size
0012987c 00000004 r depthFmtSizes
00129880 00000005 r colorFmtSizes
00129888 00000010 r CSWTCH.11
00129898 00000038 r CSWTCH.19
00129a3c 00000080 r dotab_stdout
00129abc 00000018 r grayScale
00129ad4 00000006 r colorCube
00129adc 00000030 r colorTable
00129b18 00000011 r dsp_filename.0
00129b48 00000008 r morton_y.2
00129b50 00000008 r morton_x.3
00129b58 00000008 r s_sleepWakeEvents.4
00129b60 0000000c r serviceNameTable.5
00129b6c R default_font_bin
0012a36c R default_font_bin_end
0012a36c 00000030 r error_table
0012a39c 00000080 r archive_devoptab
0012a41c 00000060 R __inv_pio4
0012a480 000000e0 R __sincosf_table
0012a688 00000010 r zeroes.0
0012a698 00000010 r blanks.1
0012a6a8 00000101 R _ctype_
0012a7ac 0000006c R __action_table
0012a818 0000006c R __state_table
0012a884 00000100 R __chclass
0012aa70 00000010 r zeroes.0
0012aa80 00000010 r blanks.1
0012aa98 0000000c r p05.0
0012aaa8 00000028 R __mprec_bigtens
0012aad0 000000c8 R __mprec_tens
0012ac84 00000010 r zeroes.0
0012ac94 00000010 r blanks.1
0012aca4 00000080 R dotab_stdnull
0012ad24 R __tdata_align
0012ad28 r __EH_FRAME_BEGIN__
0012ad28 R __exidx_end
0012ad28 R __exidx_start
0012b000 00000014 d s_filter_select
0012b014 00000014 d s_frame_select
0012b028 00000014 d s_main_menu
0012b03c 00000014 d s_music_select
0012b050 00000014 d s_photo_review
0012b064 00000014 d s_playback_view
0012b078 00000008 d framerateCounter
0012b080 00000004 d framerate
0012b084 00000001 d firstConsoleInit.0
0012b088 00000004 D currentConsole
0012b08c 00000048 D defaultConsole
0012b0d4 00000004 d queueLock
0012b0d8 00000004 d aptChainloadDeliverArgSize
0012b0dc 00000004 d kCount
0012b0e0 00000004 d kInterval
0012b0e4 00000004 d kDelay
0012b0e8 W __stacksize__
0012b0ec 0000000c D __sglue
0012b0f8 00000004 D __malloc_sbrk_base
0012b0fc 00000004 D __malloc_trim_threshold
0012b100 00000408 D __malloc_av_
0012b508 00000004 D _impure_ptr
0012b510 00000140 D _impure_data
0012b650 0000016c D __global_locale
0012b7bc 00000400 d _current_working_directory
0012bbc0 00001000 d handles
0012cbc0 0000000c d __stderr_handle
0012cbcc 0000000c d __stdout_handle
0012cbd8 0000000c d __stdin_handle
0012cbe4 0000008c D devoptab_list
0012cc70 00000004 d defaultDevice
0012cc7c d _GLOBAL_OFFSET_TABLE_
0012cc88 d __frame_dummy_init_array_entry
0012cc88 D __init_array_start
0012cc88 B __preinit_array_end
0012cc88 B __preinit_array_start
0012cc88 D __tdata_lma
0012cc88 D __tdata_lma_end
0012cc8c d __do_global_dtors_aux_fini_array_entry
0012cc8c D __fini_array_start
0012cc8c D __init_array_end
0012cc90 D __bss_start__
0012cc90 D __fini_array_end
0012cc90 0000001c b s_states
0012ccac 00000004 b s_current
0012ccb0 00000004 b s_scroll
0012ccb4 00000004 b s_cursor
0012ccb8 00001004 b s_library
0012dcbc b completed.1
0012dcc0 b object.0
0012dcd8 000005a8 B __C2Di_Context
0012e280 00000040 b s_projBot
0012e2c0 00000040 b s_projTop
0012e300 00000004 b uLoc_mdlvMtx
0012e304 00000004 b uLoc_projMtx
0012e308 0000000c b hookCookie
0012e318 000002d0 B __C3D_Context
0012e5e8 00000004 b frameEndCbData
0012e5ec 00000004 b frameEndCb
0012e5f0 00000008 b frameCounter
0012e5f8 00000001 b isTopStereo
0012e5f9 00000001 b needSwapBot
0012e5fa 00000001 b needSwapTop
0012e5fb 00000001 b measureGpuTime
0012e5fc 00000001 b inSafeTransfer
0012e5fd 00000001 b inFrame
0012e600 00000010 b cpuTime
0012e610 00000010 b gpuTime
0012e620 0000000c b linkedTarget
0012e62c 00000004 b lastTarget
0012e630 00000004 b firstTarget
0012e634 00000008 b C3Di_IVUnifEverDirty
0012e63c 000000c0 b C3Di_FVUnifEverDirty
0012e6fc 00000018 b C3Di_ShaderFVecData
0012e714 00000002 B C3D_BoolUnifsDirty
0012e718 00000008 B C3D_IVUnifDirty
0012e720 000000c0 B C3D_FVUnifDirty
0012e7e0 00000004 B C3D_BoolUnifs
0012e7e4 00000020 B C3D_IVUnif
0012e804 00000c00 B C3D_FVUnif
0012f408 00000008 b sLinearPool
0012f410 0000000c b sAddrMap
0012f420 00000008 b sVramPoolB
0012f428 00000008 b sVramPoolA
0012f430 0000000c b sAddrMap
0012f43c 00000064 b escapeSeq
0012f4a0 00000048 B currentCopy
0012f4e8 00000004 b screenAlloc
0012f4ec 00000004 b screenFree
0012f4f0 00000002 b gfxIsDoubleBuf
0012f4f4 00000002 b gfxCurBuf
0012f4f6 00000001 b gfxIsVram
0012f4f7 00000001 b gfxTopMode
0012f4f8 00000002 b gfxFramebufferFormats
0012f4fc 00000004 b gfxBottomFramebufferMaxSize
0012f500 00000004 b gfxTopFramebufferMaxSize
0012f508 00000008 b gfxBottomFramebuffers
0012f510 00000008 b gfxTopFramebuffers
0012f518 00000001 V __ctru_speedup
0012f51c 00000004 B gpuCmdBufOffset
0012f520 00000004 B gpuCmdBufSize
0012f524 00000004 B gpuCmdBuf
0012f528 00000004 b boundQueue
0012f52c 00000001 b shouldStop
0012f52d 00000001 b isRunning
0012f52e 00000001 b isActive
0012f530 00000004 b curQueue
0012f534 00000004 b ndspRefCount
0012f538 00000048 b ndspMaster
0012f580 00000004 b ndspThread
0012f584 00000001 b ndspThreadRun
0012f588 00001080 b dspVar5Backup
00130608 00000004 b ndspMutex
0013060c 00000008 b sleepEvent
00130614 00000004 b dspSem
00130618 00000004 b irqEvent
0013061c 00000008 b ndspHookCookie
00130624 00000001 b componentFree
00130626 00000002 b componentDataMask
00130628 00000002 b componentProgMask
0013062c 00000004 b componentSize
00130630 00000004 b componentBin
00130634 00000004 b frameCount
00130638 00000004 b droppedFrames
0013063c 00000001 b bCancelReceived
0013063d 00000001 b bSleeping
0013063e 00000001 b bEnteringSleep
0013063f 00000001 b bDspReady
00130640 00000080 B ndspVars
001306c0 00000002 B ndspBufferId
001306c2 00000002 B ndspBufferCurId
001306c4 00000002 B ndspFrameId
001306c8 00000c60 b ndspChn
00131328 00000001 b flagValue.0
00131329 00000001 b flagInit.1
0013132c 00000004 b serviceName.6
00131330 00000001 b aptChainloadFlags
00131331 00000001 b aptChainloadMediatype
00131334 00000020 b aptChainloadHmac
00131354 00000300 b aptChainloadDeliverArg
00131658 00000008 b aptChainloadTid
00131660 00001000 b aptParameters
00132660 00000004 b aptFlags
00132664 00000001 b aptHomeButtonState
00132668 00000004 b aptMessageFuncData
0013266c 00000004 b aptMessageFunc
00132670 0000000c b aptFirstHook
0013267c 00000001 b aptEventHandlerThreadQuit
00132680 00000004 b aptEventHandlerThread
00132684 00000008 b aptSleepEvent
0013268c 00000008 b aptReceiveEvent
00132694 00000008 b aptEvents
0013269c 00000004 b aptLockHandle
001326a0 00000004 b aptRefCount
001326a4 00000004 b cfguRefCount
001326a8 00000004 b cfguHandle
001326ac 00000002 b dspSavedCompDataMask
001326ae 00000002 b dspSavedCompProgMask
001326b0 00000004 b dspSavedCompSize
001326b4 00000004 b dspSavedCompBin
001326b8 00000001 b dspSleeping
001326b9 00000001 b dspComponentLoaded
001326bc 00000008 b dspFirstHook
001326c4 00000004 b dspRefCount
001326c8 00000004 b dspHandle
001326d0 00000080 b fsExemptArchives
00132750 00000004 b fsuRefCount
00132754 00000004 b fsuHandle
00132758 00000007 b gspEventCbOneShot
00132760 0000001c b gspEventCbData
0013277c 0000001c b gspEventCb
00132798 00000038 b gspEvents
001327d0 00000004 b gspLastEvent
001327d4 00000001 b gspRunEvents
001327d8 00000004 b gspEventThread
001327dc 00000004 b gspEvent
001327e0 00000001 b gspGpuRight
001327e1 00000001 b gspThreadId
001327e4 00000004 b gspSharedMem
001327e8 00000004 b gspSharedMemHandle
001327ec 00000004 b gspRefCount
001327f0 00000004 b gspGpuHandle
001327f4 00000001 b usingIrrst
001327f8 00000004 b hidRefCount
001327fc 00000006 b gRate
00132804 00000006 b aVec
0013280c 00000004 b cPos
00132810 00000004 b tPos
00132814 00000004 b kRepeat
00132818 00000004 b kUp
0013281c 00000004 b kDown
00132820 00000004 b kHeld
00132824 00000004 b kOld
00132828 00000004 B hidSharedMem
0013282c 00000014 B hidEvents
00132840 00000004 B hidMemHandle
00132844 00000004 B hidHandle
00132848 00000004 b irrstRefCount
0013284c 00000004 b csPos
00132850 00000004 b kHeld
00132854 00000004 B irrstSharedMem
00132858 00000004 B irrstEvent
0013285c 00000004 B irrstMemHandle
00132860 00000004 B irrstHandle
00132864 00000004 b ptmSysmRefCount
00132868 00000004 b ptmSysmHandle
0013286c 00000004 V __ctru_linear_heap_size
00132870 00000004 V __ctru_heap_size
00132874 00000004 B __ctru_linear_heap
00132878 00000004 B __ctru_heap
0013287c 00000004 B __system_retAddr
00132880 00000004 B __system_argv
00132884 00000004 B __system_argc
00132888 b saved_stack
00132890 00000004 B __3dslink_host
00132894 00000004 b srvRefCount
00132898 00000004 b srvHandle
0013289c 00000004 b arbiter
001328a0 00000004 b currentAddr
001328a4 00000004 b maxAddr
001328a8 00000004 b minAddr
001328ac 00000004 b srvPmHandle
001328b0 000005c0 b archive_devices
00132e70 00000004 b archive_device_cwd
00132e74 00000001 b archive_initialized
00132e78 0000000c b __sfp_recursive_mutex
00132e88 00000168 B __sf
00132ff0 00000004 B __stdio_exit_handler
00132ff4 00000028 B __malloc_current_mallinfo
0013301c 00000004 B __malloc_max_total_mem
00133020 00000004 B __malloc_max_sbrked_mem
00133024 00000004 B __malloc_top_pad
00133028 0000000c b __malloc_recursive_mutex
00133034 00000400 b temp_cwd
00133434 00000004 b __hndl_lock
00133438 00000004 B fake_heap_start
0013343c 00000004 B fake_heap_end
00133440 00000004 b heap_start.0
00133444 B __tls_start
0013404c B __bss_end__
0013404c A __end__
0013404c B __tls_end
